<?xml version="1.0" encoding="UTF-8"?>
<coverage generated="1649133052689" clover="3.2.0">
  <project timestamp="1649133052689" name="All files">
    <metrics statements="14" coveredstatements="9" conditionals="0" coveredconditionals="0" methods="5" coveredmethods="2" elements="19" coveredelements="11" complexity="0" loc="14" ncloc="14" packages="1" files="1" classes="1"/>
    <file name="client-vendor.js" path="/home/micha/projects/courses/code-401/CAPS-Hub/client-vendor.js">
      <metrics statements="14" coveredstatements="9" conditionals="0" coveredconditionals="0" methods="5" coveredmethods="2"/>
      <line num="3" count="1" type="stmt"/>
      <line num="4" count="1" type="stmt"/>
      <line num="6" count="1" type="stmt"/>
      <line num="8" count="1" type="stmt"/>
      <line num="10" count="1" type="stmt"/>
      <line num="11" count="1" type="stmt"/>
      <line num="14" count="1" type="stmt"/>
      <line num="18" count="0" type="stmt"/>
      <line num="19" count="0" type="stmt"/>
      <line num="20" count="0" type="stmt"/>
      <line num="21" count="0" type="stmt"/>
      <line num="25" count="1" type="stmt"/>
      <line num="26" count="0" type="stmt"/>
      <line num="29" count="1" type="stmt"/>
    </file>
  </project>
</coverage>
